{"D:\\Development\\dictionary-backend\\src\\index.ts": {"path":"D:\\Development\\dictionary-backend\\src\\index.ts","statementMap":{"0":{"start":{"line":1,"column":0},"end":{"line":1,"column":30}},"1":{"start":{"line":2,"column":0},"end":{"line":2,"column":37}},"2":{"start":{"line":3,"column":0},"end":{"line":3,"column":30}},"3":{"start":{"line":4,"column":0},"end":{"line":4,"column":43}},"4":{"start":{"line":5,"column":0},"end":{"line":5,"column":39}},"5":{"start":{"line":7,"column":13},"end":{"line":7,"column":29}},"6":{"start":{"line":8,"column":13},"end":{"line":8,"column":37}},"7":{"start":{"line":9,"column":17},"end":{"line":9,"column":54}},"8":{"start":{"line":11,"column":0},"end":{"line":11,"column":27}},"9":{"start":{"line":14,"column":0},"end":{"line":14,"column":24}},"10":{"start":{"line":17,"column":0},"end":{"line":20,"column":1}},"11":{"start":{"line":18,"column":2},"end":{"line":18,"column":47}},"12":{"start":{"line":19,"column":2},"end":{"line":19,"column":65}},"13":{"start":{"line":23,"column":0},"end":{"line":26,"column":1}},"14":{"start":{"line":24,"column":15},"end":{"line":24,"column":39}},"15":{"start":{"line":25,"column":2},"end":{"line":25,"column":87}},"16":{"start":{"line":25,"column":25},"end":{"line":25,"column":85}},"17":{"start":{"line":28,"column":0},"end":{"line":28,"column":85}},"18":{"start":{"line":28,"column":23},"end":{"line":28,"column":83}}},"fnMap":{"0":{"name":"(anonymous_1)","decl":{"start":{"line":25,"column":19},"end":{"line":25,"column":22}},"loc":{"start":{"line":25,"column":25},"end":{"line":25,"column":85}}},"1":{"name":"(anonymous_2)","decl":{"start":{"line":28,"column":17},"end":{"line":28,"column":20}},"loc":{"start":{"line":28,"column":23},"end":{"line":28,"column":83}}}},"branchMap":{"0":{"loc":{"start":{"line":8,"column":13},"end":{"line":8,"column":37}},"type":"binary-expr","locations":[{"start":{"line":8,"column":13},"end":{"line":8,"column":29}},{"start":{"line":8,"column":33},"end":{"line":8,"column":37}}]},"1":{"loc":{"start":{"line":9,"column":17},"end":{"line":9,"column":54}},"type":"binary-expr","locations":[{"start":{"line":9,"column":17},"end":{"line":9,"column":37}},{"start":{"line":9,"column":41},"end":{"line":9,"column":54}}]},"2":{"loc":{"start":{"line":17,"column":0},"end":{"line":20,"column":1}},"type":"if","locations":[{"start":{"line":17,"column":0},"end":{"line":20,"column":1}},{"start":{},"end":{}}]},"3":{"loc":{"start":{"line":23,"column":0},"end":{"line":26,"column":1}},"type":"if","locations":[{"start":{"line":23,"column":0},"end":{"line":26,"column":1}},{"start":{},"end":{}}]},"4":{"loc":{"start":{"line":24,"column":15},"end":{"line":24,"column":39}},"type":"binary-expr","locations":[{"start":{"line":24,"column":15},"end":{"line":24,"column":31}},{"start":{"line":24,"column":35},"end":{"line":24,"column":39}}]}},"s":{"0":1,"1":1,"2":1,"3":1,"4":1,"5":1,"6":1,"7":1,"8":1,"9":1,"10":1,"11":0,"12":0,"13":1,"14":0,"15":0,"16":0,"17":1,"18":1},"f":{"0":0,"1":1},"b":{"0":[1,1],"1":[1,0],"2":[0,1],"3":[0,1],"4":[0,0]}}
,"D:\\Development\\dictionary-backend\\src\\routes.ts": {"path":"D:\\Development\\dictionary-backend\\src\\routes.ts","statementMap":{"0":{"start":{"line":1,"column":0},"end":{"line":1,"column":52}},"1":{"start":{"line":2,"column":0},"end":{"line":2,"column":26}},"2":{"start":{"line":3,"column":0},"end":{"line":3,"column":24}},"3":{"start":{"line":10,"column":15},"end":{"line":10,"column":23}},"4":{"start":{"line":11,"column":17},"end":{"line":11,"column":56}},"5":{"start":{"line":15,"column":2},"end":{"line":15,"column":50}},"6":{"start":{"line":15,"column":40},"end":{"line":15,"column":50}},"7":{"start":{"line":16,"column":2},"end":{"line":16,"column":31}},"8":{"start":{"line":20,"column":2},"end":{"line":20,"column":52}},"9":{"start":{"line":24,"column":0},"end":{"line":27,"column":3}},"10":{"start":{"line":24,"column":60},"end":{"line":27,"column":2}},"11":{"start":{"line":25,"column":16},"end":{"line":25,"column":32}},"12":{"start":{"line":26,"column":2},"end":{"line":26,"column":18}},"13":{"start":{"line":30,"column":0},"end":{"line":36,"column":3}},"14":{"start":{"line":30,"column":65},"end":{"line":36,"column":2}},"15":{"start":{"line":31,"column":19},"end":{"line":31,"column":29}},"16":{"start":{"line":32,"column":16},"end":{"line":32,"column":32}},"17":{"start":{"line":33,"column":16},"end":{"line":33,"column":78}},"18":{"start":{"line":33,"column":34},"end":{"line":33,"column":77}},"19":{"start":{"line":34,"column":2},"end":{"line":34,"column":73}},"20":{"start":{"line":34,"column":14},"end":{"line":34,"column":73}},"21":{"start":{"line":35,"column":2},"end":{"line":35,"column":18}},"22":{"start":{"line":39,"column":0},"end":{"line":51,"column":3}},"23":{"start":{"line":39,"column":60},"end":{"line":51,"column":2}},"24":{"start":{"line":40,"column":29},"end":{"line":40,"column":37}},"25":{"start":{"line":41,"column":2},"end":{"line":43,"column":3}},"26":{"start":{"line":42,"column":4},"end":{"line":42,"column":62}},"27":{"start":{"line":44,"column":16},"end":{"line":44,"column":32}},"28":{"start":{"line":45,"column":2},"end":{"line":47,"column":3}},"29":{"start":{"line":45,"column":24},"end":{"line":45,"column":67}},"30":{"start":{"line":46,"column":4},"end":{"line":46,"column":68}},"31":{"start":{"line":48,"column":2},"end":{"line":48,"column":33}},"32":{"start":{"line":49,"column":2},"end":{"line":49,"column":25}},"33":{"start":{"line":50,"column":2},"end":{"line":50,"column":52}},"34":{"start":{"line":54,"column":0},"end":{"line":69,"column":3}},"35":{"start":{"line":54,"column":65},"end":{"line":69,"column":2}},"36":{"start":{"line":55,"column":19},"end":{"line":55,"column":29}},"37":{"start":{"line":56,"column":23},"end":{"line":56,"column":31}},"38":{"start":{"line":58,"column":2},"end":{"line":60,"column":3}},"39":{"start":{"line":59,"column":4},"end":{"line":59,"column":74}},"40":{"start":{"line":62,"column":16},"end":{"line":62,"column":32}},"41":{"start":{"line":63,"column":16},"end":{"line":63,"column":83}},"42":{"start":{"line":63,"column":39},"end":{"line":63,"column":82}},"43":{"start":{"line":64,"column":2},"end":{"line":64,"column":79}},"44":{"start":{"line":64,"column":20},"end":{"line":64,"column":79}},"45":{"start":{"line":66,"column":2},"end":{"line":66,"column":35}},"46":{"start":{"line":67,"column":2},"end":{"line":67,"column":25}},"47":{"start":{"line":68,"column":2},"end":{"line":68,"column":60}},"48":{"start":{"line":72,"column":0},"end":{"line":81,"column":3}},"49":{"start":{"line":72,"column":68},"end":{"line":81,"column":2}},"50":{"start":{"line":73,"column":19},"end":{"line":73,"column":29}},"51":{"start":{"line":74,"column":14},"end":{"line":74,"column":30}},"52":{"start":{"line":75,"column":19},"end":{"line":75,"column":83}},"53":{"start":{"line":75,"column":39},"end":{"line":75,"column":82}},"54":{"start":{"line":76,"column":2},"end":{"line":78,"column":3}},"55":{"start":{"line":77,"column":4},"end":{"line":77,"column":63}},"56":{"start":{"line":79,"column":2},"end":{"line":79,"column":28}},"57":{"start":{"line":80,"column":2},"end":{"line":80,"column":40}},"58":{"start":{"line":83,"column":0},"end":{"line":83,"column":22}}},"fnMap":{"0":{"name":"readData","decl":{"start":{"line":14,"column":15},"end":{"line":14,"column":23}},"loc":{"start":{"line":14,"column":23},"end":{"line":17,"column":null}}},"1":{"name":"writeData","decl":{"start":{"line":19,"column":15},"end":{"line":19,"column":24}},"loc":{"start":{"line":19,"column":42},"end":{"line":21,"column":null}}},"2":{"name":"(anonymous_12)","decl":{"start":{"line":24,"column":21},"end":{"line":24,"column":28}},"loc":{"start":{"line":24,"column":60},"end":{"line":27,"column":2}}},"3":{"name":"(anonymous_13)","decl":{"start":{"line":24,"column":60},"end":{"line":24,"column":null}},"loc":{"start":{"line":24,"column":60},"end":{"line":27,"column":1}}},"4":{"name":"(anonymous_14)","decl":{"start":{"line":30,"column":27},"end":{"line":30,"column":34}},"loc":{"start":{"line":30,"column":65},"end":{"line":36,"column":2}}},"5":{"name":"(anonymous_15)","decl":{"start":{"line":30,"column":65},"end":{"line":30,"column":null}},"loc":{"start":{"line":30,"column":65},"end":{"line":36,"column":1}}},"6":{"name":"(anonymous_16)","decl":{"start":{"line":33,"column":27},"end":{"line":33,"column":28}},"loc":{"start":{"line":33,"column":34},"end":{"line":33,"column":77}}},"7":{"name":"(anonymous_17)","decl":{"start":{"line":39,"column":22},"end":{"line":39,"column":29}},"loc":{"start":{"line":39,"column":60},"end":{"line":51,"column":2}}},"8":{"name":"(anonymous_18)","decl":{"start":{"line":39,"column":60},"end":{"line":39,"column":null}},"loc":{"start":{"line":39,"column":60},"end":{"line":51,"column":1}}},"9":{"name":"(anonymous_19)","decl":{"start":{"line":45,"column":17},"end":{"line":45,"column":18}},"loc":{"start":{"line":45,"column":24},"end":{"line":45,"column":67}}},"10":{"name":"(anonymous_20)","decl":{"start":{"line":54,"column":27},"end":{"line":54,"column":34}},"loc":{"start":{"line":54,"column":65},"end":{"line":69,"column":2}}},"11":{"name":"(anonymous_21)","decl":{"start":{"line":54,"column":65},"end":{"line":54,"column":null}},"loc":{"start":{"line":54,"column":65},"end":{"line":69,"column":1}}},"12":{"name":"(anonymous_22)","decl":{"start":{"line":63,"column":32},"end":{"line":63,"column":33}},"loc":{"start":{"line":63,"column":39},"end":{"line":63,"column":82}}},"13":{"name":"(anonymous_23)","decl":{"start":{"line":72,"column":30},"end":{"line":72,"column":37}},"loc":{"start":{"line":72,"column":68},"end":{"line":81,"column":2}}},"14":{"name":"(anonymous_24)","decl":{"start":{"line":72,"column":68},"end":{"line":72,"column":null}},"loc":{"start":{"line":72,"column":68},"end":{"line":81,"column":1}}},"15":{"name":"(anonymous_25)","decl":{"start":{"line":75,"column":32},"end":{"line":75,"column":33}},"loc":{"start":{"line":75,"column":39},"end":{"line":75,"column":82}}}},"branchMap":{"0":{"loc":{"start":{"line":15,"column":2},"end":{"line":15,"column":50}},"type":"if","locations":[{"start":{"line":15,"column":2},"end":{"line":15,"column":50}},{"start":{},"end":{}}]},"1":{"loc":{"start":{"line":34,"column":2},"end":{"line":34,"column":73}},"type":"if","locations":[{"start":{"line":34,"column":2},"end":{"line":34,"column":73}},{"start":{},"end":{}}]},"2":{"loc":{"start":{"line":41,"column":2},"end":{"line":43,"column":3}},"type":"if","locations":[{"start":{"line":41,"column":2},"end":{"line":43,"column":3}},{"start":{},"end":{}}]},"3":{"loc":{"start":{"line":41,"column":6},"end":{"line":41,"column":39}},"type":"binary-expr","locations":[{"start":{"line":41,"column":6},"end":{"line":41,"column":11}},{"start":{"line":41,"column":15},"end":{"line":41,"column":39}}]},"4":{"loc":{"start":{"line":45,"column":2},"end":{"line":47,"column":3}},"type":"if","locations":[{"start":{"line":45,"column":2},"end":{"line":47,"column":3}},{"start":{},"end":{}}]},"5":{"loc":{"start":{"line":58,"column":2},"end":{"line":60,"column":3}},"type":"if","locations":[{"start":{"line":58,"column":2},"end":{"line":60,"column":3}},{"start":{},"end":{}}]},"6":{"loc":{"start":{"line":64,"column":2},"end":{"line":64,"column":79}},"type":"if","locations":[{"start":{"line":64,"column":2},"end":{"line":64,"column":79}},{"start":{},"end":{}}]},"7":{"loc":{"start":{"line":76,"column":2},"end":{"line":78,"column":3}},"type":"if","locations":[{"start":{"line":76,"column":2},"end":{"line":78,"column":3}},{"start":{},"end":{}}]}},"s":{"0":1,"1":1,"2":1,"3":1,"4":1,"5":11,"6":0,"7":11,"8":7,"9":1,"10":1,"11":1,"12":1,"13":1,"14":3,"15":3,"16":3,"17":3,"18":1,"19":3,"20":2,"21":1,"22":1,"23":5,"24":5,"25":5,"26":0,"27":5,"28":5,"29":0,"30":0,"31":5,"32":5,"33":5,"34":1,"35":1,"36":1,"37":1,"38":1,"39":0,"40":1,"41":1,"42":1,"43":1,"44":0,"45":1,"46":1,"47":1,"48":1,"49":1,"50":1,"51":1,"52":1,"53":1,"54":1,"55":0,"56":1,"57":1,"58":1},"f":{"0":11,"1":7,"2":1,"3":1,"4":3,"5":3,"6":1,"7":5,"8":5,"9":0,"10":1,"11":1,"12":1,"13":1,"14":1,"15":1},"b":{"0":[0,11],"1":[2,1],"2":[0,5],"3":[5,5],"4":[0,5],"5":[0,1],"6":[0,1],"7":[0,1]}}
,"D:\\Development\\dictionary-backend\\src\\swagger.ts": {"path":"D:\\Development\\dictionary-backend\\src\\swagger.ts","statementMap":{"0":{"start":{"line":1,"column":13},"end":{"line":162,"column":2}}},"fnMap":{},"branchMap":{},"s":{"0":1},"f":{},"b":{}}
}
