TN:
SF:src\index.ts
FN:25,(anonymous_1)
FN:28,(anonymous_2)
FNF:2
FNH:1
FNDA:0,(anonymous_1)
FNDA:1,(anonymous_2)
DA:1,1
DA:2,1
DA:3,1
DA:4,1
DA:5,1
DA:7,1
DA:8,1
DA:9,1
DA:11,1
DA:14,1
DA:17,1
DA:18,0
DA:19,0
DA:23,1
DA:24,0
DA:25,0
DA:28,1
LF:17
LH:13
BRDA:8,0,0,1
BRDA:8,0,1,1
BRDA:9,1,0,1
BRDA:9,1,1,0
BRDA:17,2,0,0
BRDA:17,2,1,1
BRDA:23,3,0,0
BRDA:23,3,1,1
BRDA:24,4,0,0
BRDA:24,4,1,0
BRF:10
BRH:5
end_of_record
TN:
SF:src\routes.ts
FN:14,readData
FN:19,writeData
FN:24,(anonymous_12)
FN:24,(anonymous_13)
FN:30,(anonymous_14)
FN:30,(anonymous_15)
FN:33,(anonymous_16)
FN:39,(anonymous_17)
FN:39,(anonymous_18)
FN:45,(anonymous_19)
FN:54,(anonymous_20)
FN:54,(anonymous_21)
FN:63,(anonymous_22)
FN:72,(anonymous_23)
FN:72,(anonymous_24)
FN:75,(anonymous_25)
FNF:16
FNH:15
FNDA:11,readData
FNDA:7,writeData
FNDA:1,(anonymous_12)
FNDA:1,(anonymous_13)
FNDA:3,(anonymous_14)
FNDA:3,(anonymous_15)
FNDA:1,(anonymous_16)
FNDA:5,(anonymous_17)
FNDA:5,(anonymous_18)
FNDA:0,(anonymous_19)
FNDA:1,(anonymous_20)
FNDA:1,(anonymous_21)
FNDA:1,(anonymous_22)
FNDA:1,(anonymous_23)
FNDA:1,(anonymous_24)
FNDA:1,(anonymous_25)
DA:1,1
DA:2,1
DA:3,1
DA:10,1
DA:11,1
DA:15,11
DA:16,11
DA:20,7
DA:24,1
DA:25,1
DA:26,1
DA:30,3
DA:31,3
DA:32,3
DA:33,3
DA:34,3
DA:35,1
DA:39,5
DA:40,5
DA:41,5
DA:42,0
DA:44,5
DA:45,5
DA:46,0
DA:48,5
DA:49,5
DA:50,5
DA:54,1
DA:55,1
DA:56,1
DA:58,1
DA:59,0
DA:62,1
DA:63,1
DA:64,1
DA:66,1
DA:67,1
DA:68,1
DA:72,1
DA:73,1
DA:74,1
DA:75,1
DA:76,1
DA:77,0
DA:79,1
DA:80,1
DA:83,1
LF:47
LH:43
BRDA:15,0,0,0
BRDA:15,0,1,11
BRDA:34,1,0,2
BRDA:34,1,1,1
BRDA:41,2,0,0
BRDA:41,2,1,5
BRDA:41,3,0,5
BRDA:41,3,1,5
BRDA:45,4,0,0
BRDA:45,4,1,5
BRDA:58,5,0,0
BRDA:58,5,1,1
BRDA:64,6,0,0
BRDA:64,6,1,1
BRDA:76,7,0,0
BRDA:76,7,1,1
BRF:16
BRH:10
end_of_record
TN:
SF:src\swagger.ts
FNF:0
FNH:0
DA:1,1
LF:1
LH:1
BRF:0
BRH:0
end_of_record
